Log file open, 04/16/18 14:06:06
LogWindows: Failed to load 'aqProf.dll' (GetLastError=126)
LogWindows: File 'aqProf.dll' does not exist
LogWindows: Failed to load 'VSPerf140.dll' (GetLastError=126)
LogWindows: File 'VSPerf140.dll' does not exist
LogWindows: Failed to load 'VtuneApi.dll' (GetLastError=126)
LogWindows: File 'VtuneApi.dll' does not exist
LogWindows: Failed to load 'VtuneApi32e.dll' (GetLastError=126)
LogWindows: File 'VtuneApi32e.dll' does not exist
LogInit: Display: Running engine for game: BOexperimenting
LogPlatformFile: Not using cached read wrapper
LogInit: Display: RandInit(-179138416) SRandInit(-179138416).
LogInit: Read version file with build ID '3709383'
LogInit: Overriding engine version to CL 3832480, compatible CL 3709383
LogInit: Registered custom module enumerator with build ID '3709383'
LogTaskGraph: Started task graph with 5 named threads and 14 total threads with 3 sets of task threads.
LogStats: Stats thread started at 0.187566
LogD3D11RHI: Aftermath initialized
LogModuleManager: Display: Found up-to-date module file ../../../Engine/Plugins/2D/Paper2D/Binaries/Win64/UE4Editor-Paper2D.dll (API version 3709383).
LogModuleManager: Display: Found up-to-date module file ../../../Engine/Plugins/2D/Paper2D/Binaries/Win64/UE4Editor-Paper2DEditor.dll (API version 3709383).
LogModuleManager: Display: Found up-to-date module file ../../../Engine/Plugins/2D/Paper2D/Binaries/Win64/UE4Editor-PaperSpriteSheetImporter.dll (API version 3709383).
LogModuleManager: Display: Found up-to-date module file ../../../Engine/Plugins/2D/Paper2D/Binaries/Win64/UE4Editor-PaperTiledImporter.dll (API version 3709383).
LogModuleManager: Display: Found up-to-date module file ../../../Engine/Plugins/2D/Paper2D/Binaries/Win64/UE4Editor-SmartSnapping.dll (API version 3709383).
LogModuleManager: Display: Found up-to-date module file ../../../Engine/Plugins/Blendables/LightPropagationVolume/Binaries/Win64/UE4Editor-LightPropagationVolumeRuntime.dll (API version 3709383).
LogModuleManager: Display: Found up-to-date module file ../../../Engine/Plugins/Blendables/LightPropagationVolume/Binaries/Win64/UE4Editor-LightPropagationVolumeEditor.dll (API version 3709383).
LogModuleManager: Display: Found up-to-date module file ../../../Engine/Plugins/Developer/GitSourceControl/Binaries/Win64/UE4Editor-GitSourceControl.dll (API version 3709383).
LogModuleManager: Display: Found up-to-date module file ../../../Engine/Plugins/Developer/PerforceSourceControl/Binaries/Win64/UE4Editor-PerforceSourceControl.dll (API version 3709383).
LogModuleManager: Display: Found up-to-date module file ../../../Engine/Plugins/Developer/SubversionSourceControl/Binaries/Win64/UE4Editor-SubversionSourceControl.dll (API version 3709383).
LogModuleManager: Display: Found up-to-date module file ../../../Engine/Plugins/Developer/UObjectPlugin/Binaries/Win64/UE4Editor-UObjectPlugin.dll (API version 3709383).
LogModuleManager: Display: Found up-to-date module file ../../../Engine/Plugins/Developer/VisualStudioCodeSourceCodeAccess/Binaries/Win64/UE4Editor-VisualStudioCodeSourceCodeAccess.dll (API version 3709383).
LogModuleManager: Display: Found up-to-date module file ../../../Engine/Plugins/Developer/VisualStudioSourceCodeAccess/Binaries/Win64/UE4Editor-VisualStudioSourceCodeAccess.dll (API version 3709383).
LogModuleManager: Display: Found up-to-date module file ../../../Engine/Plugins/Editor/AssetManagerEditor/Binaries/Win64/UE4Editor-AssetManagerEditor.dll (API version 3709383).
LogModuleManager: Display: Found up-to-date module file ../../../Engine/Plugins/Editor/AudioCapture/Binaries/Win64/UE4Editor-AudioCapture.dll (API version 3709383).
LogModuleManager: Display: Found up-to-date module file ../../../Engine/Plugins/Editor/FacialAnimation/Binaries/Win64/UE4Editor-FacialAnimation.dll (API version 3709383).
LogModuleManager: Display: Found up-to-date module file ../../../Engine/Plugins/Editor/FacialAnimation/Binaries/Win64/UE4Editor-FacialAnimationEditor.dll (API version 3709383).
LogModuleManager: Display: Found up-to-date module file ../../../Engine/Plugins/Editor/GameplayTagsEditor/Binaries/Win64/UE4Editor-GameplayTagsEditor.dll (API version 3709383).
LogModuleManager: Display: Found up-to-date module file ../../../Engine/Plugins/Editor/MobileLauncherProfileWizard/Binaries/Win64/UE4Editor-MobileLauncherProfileWizard.dll (API version 3709383).
LogModuleManager: Display: Found up-to-date module file ../../../Engine/Plugins/Editor/PluginBrowser/Binaries/Win64/UE4Editor-PluginBrowser.dll (API version 3709383).
LogModuleManager: Display: Found up-to-date module file ../../../Engine/Plugins/Editor/SpeedTreeImporter/Binaries/Win64/UE4Editor-SpeedTreeImporter.dll (API version 3709383).
LogModuleManager: Display: Found up-to-date module file ../../../Engine/Plugins/Experimental/AlembicImporter/Binaries/Win64/UE4Editor-AlembicImporter.dll (API version 3709383).
LogModuleManager: Display: Found up-to-date module file ../../../Engine/Plugins/Experimental/AlembicImporter/Binaries/Win64/UE4Editor-AlembicLibrary.dll (API version 3709383).
LogModuleManager: Display: Found up-to-date module file ../../../Engine/Plugins/Experimental/CharacterAI/Binaries/Win64/UE4Editor-CharacterAI.dll (API version 3709383).
LogModuleManager: Display: Found up-to-date module file ../../../Engine/Plugins/Experimental/HTML5Networking/Binaries/Win64/UE4Editor-HTML5Networking.dll (API version 3709383).
LogModuleManager: Display: Found up-to-date module file ../../../Engine/Plugins/Media/AndroidMedia/Binaries/Win64/UE4Editor-AndroidMediaEditor.dll (API version 3709383).
LogModuleManager: Display: Found up-to-date module file ../../../Engine/Plugins/Media/AndroidMedia/Binaries/Win64/UE4Editor-AndroidMediaFactory.dll (API version 3709383).
LogModuleManager: Display: Found up-to-date module file ../../../Engine/Plugins/Media/AvfMedia/Binaries/Win64/UE4Editor-AvfMediaEditor.dll (API version 3709383).
LogModuleManager: Display: Found up-to-date module file ../../../Engine/Plugins/Media/AvfMedia/Binaries/Win64/UE4Editor-AvfMediaFactory.dll (API version 3709383).
LogModuleManager: Display: Found up-to-date module file ../../../Engine/Plugins/Media/AvfMedia/Binaries/Win64/UE4Editor-AvfMediaFactory.dll (API version 3709383).
LogModuleManager: Display: Found up-to-date module file ../../../Engine/Plugins/Media/ImgMedia/Binaries/Win64/UE4Editor-ImgMedia.dll (API version 3709383).
LogModuleManager: Display: Found up-to-date module file ../../../Engine/Plugins/Media/ImgMedia/Binaries/Win64/UE4Editor-ImgMediaEditor.dll (API version 3709383).
LogModuleManager: Display: Found up-to-date module file ../../../Engine/Plugins/Media/ImgMedia/Binaries/Win64/UE4Editor-ImgMediaFactory.dll (API version 3709383).
LogModuleManager: Display: Found up-to-date module file ../../../Engine/Plugins/Media/ImgMedia/Binaries/Win64/UE4Editor-ImgMediaFactory.dll (API version 3709383).
LogModuleManager: Display: Found up-to-date module file ../../../Engine/Plugins/Media/ImgMedia/Binaries/Win64/UE4Editor-OpenExrWrapper.dll (API version 3709383).
LogModuleManager: Display: Found up-to-date module file ../../../Engine/Plugins/Media/MediaCompositing/Binaries/Win64/UE4Editor-MediaCompositing.dll (API version 3709383).
LogModuleManager: Display: Found up-to-date module file ../../../Engine/Plugins/Media/MediaCompositing/Binaries/Win64/UE4Editor-MediaCompositingEditor.dll (API version 3709383).
LogModuleManager: Display: Found up-to-date module file ../../../Engine/Plugins/Media/MediaPlayerEditor/Binaries/Win64/UE4Editor-MediaPlayerEditor.dll (API version 3709383).
LogModuleManager: Display: Found up-to-date module file ../../../Engine/Plugins/Media/WmfMedia/Binaries/Win64/UE4Editor-WmfMedia.dll (API version 3709383).
LogModuleManager: Display: Found up-to-date module file ../../../Engine/Plugins/Media/WmfMedia/Binaries/Win64/UE4Editor-WmfMediaEditor.dll (API version 3709383).
LogModuleManager: Display: Found up-to-date module file ../../../Engine/Plugins/Media/WmfMedia/Binaries/Win64/UE4Editor-WmfMediaFactory.dll (API version 3709383).
LogModuleManager: Display: Found up-to-date module file ../../../Engine/Plugins/Media/WmfMedia/Binaries/Win64/UE4Editor-WmfMediaFactory.dll (API version 3709383).
LogModuleManager: Display: Found up-to-date module file ../../../Engine/Plugins/Messaging/TcpMessaging/Binaries/Win64/UE4Editor-TcpMessaging.dll (API version 3709383).
LogModuleManager: Display: Found up-to-date module file ../../../Engine/Plugins/Messaging/UdpMessaging/Binaries/Win64/UE4Editor-UdpMessaging.dll (API version 3709383).
LogModuleManager: Display: Found up-to-date module file ../../../Engine/Plugins/MovieScene/ActorSequence/Binaries/Win64/UE4Editor-ActorSequence.dll (API version 3709383).
LogModuleManager: Display: Found up-to-date module file ../../../Engine/Plugins/MovieScene/LevelSequenceEditor/Binaries/Win64/UE4Editor-LevelSequenceEditor.dll (API version 3709383).
LogModuleManager: Display: Found up-to-date module file ../../../Engine/Plugins/MovieScene/MatineeToLevelSequence/Binaries/Win64/UE4Editor-MatineeToLevelSequence.dll (API version 3709383).
LogModuleManager: Display: Found up-to-date module file ../../../Engine/Plugins/Online/OnlineSubsystem/Binaries/Win64/UE4Editor-OnlineSubsystem.dll (API version 3709383).
LogModuleManager: Display: Found up-to-date module file ../../../Engine/Plugins/Runtime/AndroidPermission/Binaries/Win64/UE4Editor-AndroidPermission.dll (API version 3709383).
LogModuleManager: Display: Found up-to-date module file ../../../Engine/Plugins/Online/OnlineSubsystemNull/Binaries/Win64/UE4Editor-OnlineSubsystemNull.dll (API version 3709383).
LogModuleManager: Display: Found up-to-date module file ../../../Engine/Plugins/Online/OnlineSubsystemUtils/Binaries/Win64/UE4Editor-OnlineSubsystemUtils.dll (API version 3709383).
LogModuleManager: Display: Found up-to-date module file ../../../Engine/Plugins/Online/OnlineSubsystemUtils/Binaries/Win64/UE4Editor-OnlineBlueprintSupport.dll (API version 3709383).
LogModuleManager: Display: Found up-to-date module file ../../../Engine/Plugins/Runtime/AndroidDeviceProfileSelector/Binaries/Win64/UE4Editor-AndroidDeviceProfileSelector.dll (API version 3709383).
LogModuleManager: Display: Found up-to-date module file ../../../Engine/Plugins/Runtime/ApexDestruction/Binaries/Win64/UE4Editor-ApexDestruction.dll (API version 3709383).
LogModuleManager: Display: Found up-to-date module file ../../../Engine/Plugins/Runtime/ApexDestruction/Binaries/Win64/UE4Editor-ApexDestructionEditor.dll (API version 3709383).
LogModuleManager: Display: Found up-to-date module file ../../../Engine/Plugins/Runtime/AppleARKit/Binaries/Win64/UE4Editor-AppleARKit.dll (API version 3709383).
LogModuleManager: Display: Found up-to-date module file ../../../Engine/Plugins/Runtime/ArchVisCharacter/Binaries/Win64/UE4Editor-ArchVisCharacter.dll (API version 3709383).
LogModuleManager: Display: Found up-to-date module file ../../../Engine/Plugins/Runtime/CableComponent/Binaries/Win64/UE4Editor-CableComponent.dll (API version 3709383).
LogModuleManager: Display: Found up-to-date module file ../../../Engine/Plugins/Runtime/CustomMeshComponent/Binaries/Win64/UE4Editor-CustomMeshComponent.dll (API version 3709383).
LogModuleManager: Display: Found up-to-date module file ../../../Engine/Plugins/Runtime/ExampleDeviceProfileSelector/Binaries/Win64/UE4Editor-ExampleDeviceProfileSelector.dll (API version 3709383).
LogModuleManager: Display: Found up-to-date module file ../../../Engine/Plugins/Runtime/ImmediatePhysics/Binaries/Win64/UE4Editor-ImmediatePhysics.dll (API version 3709383).
LogModuleManager: Display: Found up-to-date module file ../../../Engine/Plugins/Runtime/ImmediatePhysics/Binaries/Win64/UE4Editor-ImmediatePhysicsEditor.dll (API version 3709383).
LogModuleManager: Display: Found up-to-date module file ../../../Engine/Plugins/Runtime/LocationServicesBPLibrary/Binaries/Win64/UE4Editor-LocationServicesBPLibrary.dll (API version 3709383).
LogModuleManager: Display: Found up-to-date module file ../../../Engine/Plugins/Runtime/MobilePatchingUtils/Binaries/Win64/UE4Editor-MobilePatchingUtils.dll (API version 3709383).
LogModuleManager: Display: Found up-to-date module file ../../../Engine/Plugins/Runtime/Oculus/OculusVR/Binaries/Win64/UE4Editor-OculusHMD.dll (API version 3709383).
LogModuleManager: Display: Found up-to-date module file ../../../Engine/Plugins/Runtime/Oculus/OculusVR/Binaries/Win64/UE4Editor-OculusInput.dll (API version 3709383).
LogModuleManager: Display: Found up-to-date module file ../../../Engine/Plugins/Runtime/Oculus/OculusVR/Binaries/Win64/UE4Editor-OculusEditor.dll (API version 3709383).
LogModuleManager: Display: Found up-to-date module file ../../../Engine/Plugins/Runtime/PhysXVehicles/Binaries/Win64/UE4Editor-PhysXVehicles.dll (API version 3709383).
LogModuleManager: Display: Found up-to-date module file ../../../Engine/Plugins/Runtime/PhysXVehicles/Binaries/Win64/UE4Editor-PhysXVehiclesEditor.dll (API version 3709383).
LogModuleManager: Display: Found up-to-date module file ../../../Engine/Plugins/Runtime/ProceduralMeshComponent/Binaries/Win64/UE4Editor-ProceduralMeshComponent.dll (API version 3709383).
LogModuleManager: Display: Found up-to-date module file ../../../Engine/Plugins/Runtime/ProceduralMeshComponent/Binaries/Win64/UE4Editor-ProceduralMeshComponentEditor.dll (API version 3709383).
LogModuleManager: Display: Found up-to-date module file ../../../Engine/Plugins/Runtime/RuntimePhysXCooking/Binaries/Win64/UE4Editor-RuntimePhysXCooking.dll (API version 3709383).
LogModuleManager: Display: Found up-to-date module file ../../../Engine/Plugins/Runtime/Steam/SteamVR/Binaries/Win64/UE4Editor-SteamVR.dll (API version 3709383).
LogModuleManager: Display: Found up-to-date module file ../../../Engine/Plugins/Runtime/Steam/SteamVR/Binaries/Win64/UE4Editor-SteamVRController.dll (API version 3709383).
LogModuleManager: Display: Found up-to-date module file ../../../Engine/Plugins/Runtime/WindowsMoviePlayer/Binaries/Win64/UE4Editor-WindowsMoviePlayer.dll (API version 3709383).
LogPluginManager: Mounting plugin Paper2D
LogPluginManager: Mounting plugin LightPropagationVolume
LogPluginManager: Mounting plugin CodeLiteSourceCodeAccess
LogPluginManager: Mounting plugin GitSourceControl
LogPluginManager: Mounting plugin KDevelopSourceCodeAccess
LogPluginManager: Mounting plugin NullSourceCodeAccess
LogPluginManager: Mounting plugin PerforceSourceControl
LogPluginManager: Mounting plugin SubversionSourceControl
LogPluginManager: Mounting plugin UObjectPlugin
LogPluginManager: Mounting plugin VisualStudioCodeSourceCodeAccess
LogPluginManager: Mounting plugin VisualStudioSourceCodeAccess
LogPluginManager: Mounting plugin XCodeSourceCodeAccess
LogPluginManager: Mounting plugin AssetManagerEditor
LogPluginManager: Mounting plugin AudioCapture
LogPluginManager: Mounting plugin FacialAnimation
LogPluginManager: Mounting plugin GameplayTagsEditor
LogPluginManager: Mounting plugin MobileLauncherProfileWizard
LogPluginManager: Mounting plugin PluginBrowser
LogPluginManager: Mounting plugin SpeedTreeImporter
LogPluginManager: Mounting plugin AlembicImporter
LogPluginManager: Mounting plugin CharacterAI
LogPluginManager: Mounting plugin HTML5Networking
LogPluginManager: Mounting plugin AndroidMedia
LogPluginManager: Mounting plugin AvfMedia
LogPluginManager: Mounting plugin ImgMedia
LogPluginManager: Mounting plugin MediaCompositing
LogPluginManager: Mounting plugin MediaPlayerEditor
LogPluginManager: Mounting plugin WmfMedia
LogPluginManager: Mounting plugin TcpMessaging
LogPluginManager: Mounting plugin UdpMessaging
LogPluginManager: Mounting plugin ActorSequence
LogPluginManager: Mounting plugin LevelSequenceEditor
LogPluginManager: Mounting plugin MatineeToLevelSequence
LogPluginManager: Mounting plugin OnlineSubsystemGooglePlay
LogPluginManager: Mounting plugin OnlineSubsystemIOS
LogPluginManager: Mounting plugin OnlineSubsystem
LogPluginManager: Mounting plugin OnlineSubsystemNull
LogPluginManager: Mounting plugin OnlineSubsystemUtils
LogPluginManager: Mounting plugin AndroidDeviceProfileSelector
LogPluginManager: Mounting plugin AndroidMoviePlayer
LogPluginManager: Mounting plugin AndroidPermission
LogPluginManager: Mounting plugin ApexDestruction
LogPluginManager: Mounting plugin AppleARKit
LogPluginManager: Mounting plugin AppleMoviePlayer
LogPluginManager: Mounting plugin ArchVisCharacter
LogPluginManager: Mounting plugin CableComponent
LogPluginManager: Mounting plugin CustomMeshComponent
LogPluginManager: Mounting plugin ExampleDeviceProfileSelector
LogPluginManager: Mounting plugin GoogleCloudMessaging
LogPluginManager: Mounting plugin ImmediatePhysics
LogPluginManager: Mounting plugin IOSDeviceProfileSelector
LogPluginManager: Mounting plugin LinuxDeviceProfileSelector
LogPluginManager: Mounting plugin LocationServicesBPLibrary
LogPluginManager: Mounting plugin MobilePatchingUtils
LogPluginManager: Mounting plugin OculusVR
LogPluginManager: Plugin shader directory ../../../Engine/Plugins/Runtime/Oculus/OculusVR/Shaders found
LogPluginManager: Mapping shader source directory ../../../Engine/Plugins/Runtime/Oculus/OculusVR/Shaders to virtual directory /Plugin/OculusVR
LogPluginManager: Mounting plugin PhysXVehicles
LogPluginManager: Mounting plugin ProceduralMeshComponent
LogPluginManager: Mounting plugin RuntimePhysXCooking
LogPluginManager: Mounting plugin SteamVR
LogPluginManager: Mounting plugin WindowsMoviePlayer
LogInit: Using libcurl 7.47.1
LogInit:  - built for x86_64-pc-win32
LogInit:  - supports SSL with OpenSSL/1.0.2g
LogInit:  - supports HTTP deflate (compression) using libz 1.2.8
LogInit:  - other features:
LogInit:      CURL_VERSION_SSL
LogInit:      CURL_VERSION_LIBZ
LogInit:      CURL_VERSION_IPV6
LogInit:      CURL_VERSION_ASYNCHDNS
LogInit:      CURL_VERSION_LARGEFILE
LogInit:      CURL_VERSION_IDN
LogInit:  CurlRequestOptions (configurable via config and command line):
LogInit:  - bVerifyPeer = false  - Libcurl will NOT verify peer certificate
LogInit:  - bUseHttpProxy = false  - Libcurl will NOT use HTTP proxy
LogInit:  - bDontReuseConnections = false  - Libcurl will reuse connections
LogInit:  - CertBundlePath = nullptr  - Libcurl will use whatever was configured at build time.
LogInit: Build: ++UE4+Release-4.18-CL-3832480
LogInit: Engine Version: 4.18.3-3832480+++UE4+Release-4.18
LogInit: Compatible Engine Version: 4.18.0-3709383+++UE4+Release-4.18
LogInit: Net CL: 3709383
LogDevObjectVersion: Number of dev versions registered: 16
LogDevObjectVersion:   Dev-Blueprints (B0D832E4-1F89-4F0D-ACCF-7EB736FD4AA2): 10
LogDevObjectVersion:   Dev-Build (E1C64328-A22C-4D53-A36C-8E866417BD8C): 0
LogDevObjectVersion:   Dev-Core (375EC13C-06E4-48FB-B500-84F0262A717E): 2
LogDevObjectVersion:   Dev-Editor (E4B068ED-F494-42E9-A231-DA0B2E46BB41): 20
LogDevObjectVersion:   Dev-Framework (CFFC743F-43B0-4480-9391-14DF171D2073): 30
LogDevObjectVersion:   Dev-Mobile (B02B49B5-BB20-44E9-A304-32B752E40360): 0
LogDevObjectVersion:   Dev-Networking (A4E4105C-59A1-49B5-A7C5-40C4547EDFEE): 0
LogDevObjectVersion:   Dev-Online (39C831C9-5AE6-47DC-9A44-9C173E1C8E7C): 0
LogDevObjectVersion:   Dev-Physics (78F01B33-EBEA-4F98-B9B4-84EACCB95AA2): 0
LogDevObjectVersion:   Dev-Platform (6631380F-2D4D-43E0-8009-CF276956A95A): 0
LogDevObjectVersion:   Dev-Rendering (12F88B9F-8875-4AFC-A67C-D90C383ABD29): 20
LogDevObjectVersion:   Dev-Sequencer (7B5AE74C-D270-4C10-A958-57980B212A5A): 4
LogDevObjectVersion:   Dev-VR (D7296918-1DD6-4BDD-9DE2-64A83CC13884): 0
LogDevObjectVersion:   Dev-LoadTimes (C2A15278-BFE7-4AFE-6C17-90FF531DF755): 1
LogDevObjectVersion:   Private-Geometry (6EACA3D4-40EC-4CC1-B786-8BED09428FC5): 1
LogDevObjectVersion:   Dev-AnimPhys (29E575DD-E0A3-4627-9D10-D276232CDCEA): 12
LogInit: Compiled (64-bit): Jan 12 2018 02:04:55
LogInit: Compiled with Visual C++: 19.00.24215.01
LogInit: Build Configuration: Development
LogInit: Branch Name: ++UE4+Release-4.18
LogInit: Command line: -EpicPortal 
LogInit: Base directory: D:/Epic Games/UE_4.18/Engine/Binaries/Win64/
LogInit: Installed Engine Build: 1
LogInit: Presizing for max 8388607 objects, including 0 objects not considered by GC, pre-allocating 0 bytes for permanent pool.
LogInit: Object subsystem initialized
[2018.04.16-19.06.08:352][  0]LogInit: Selected Device Profile: [Windows]
[2018.04.16-19.06.08:353][  0]LogInit: Applying CVar settings loaded from the selected device profile: [Windows]
[2018.04.16-19.06.08:369][  0]LogInit: Computer: HOLDENPC
[2018.04.16-19.06.08:369][  0]LogInit: User: Holden
[2018.04.16-19.06.08:369][  0]LogInit: CPU Page size=4096, Cores=4
[2018.04.16-19.06.08:369][  0]LogInit: High frequency timer resolution =2.531248 MHz
[2018.04.16-19.06.08:369][  0]LogMemory: Memory total: Physical=7.8GB (8GB approx)
[2018.04.16-19.06.08:369][  0]LogMemory: Platform Memory Stats for Windows
[2018.04.16-19.06.08:369][  0]LogMemory: Process Physical Memory: 276.09 MB used, 276.09 MB peak
[2018.04.16-19.06.08:369][  0]LogMemory: Process Virtual Memory: 273.01 MB used, 273.01 MB peak
[2018.04.16-19.06.08:369][  0]LogMemory: Physical Memory: 5830.97 MB used,  2188.81 MB free, 8019.78 MB total
[2018.04.16-19.06.08:369][  0]LogMemory: Virtual Memory: 683.73 MB used,  2188.81 MB free, 134217728.00 MB total
[2018.04.16-19.06.08:621][  0]LogInit: Using OS detected language (en-US).
[2018.04.16-19.06.08:621][  0]LogInit: Using OS detected locale (en-US).
[2018.04.16-19.06.08:635][  0]LogTextLocalizationManager: No specific localization for 'en-US' exists, so the 'en' localization will be used.
[2018.04.16-19.06.09:238][  0]LogInit: Setting process to per monitor DPI aware
[2018.04.16-19.06.09:652][  0]LogD3D11RHI: D3D11 adapters:
[2018.04.16-19.06.09:734][  0]LogD3D11RHI:    0. 'NVIDIA GeForce GTX 960M' (Feature Level 11_0)
[2018.04.16-19.06.09:735][  0]LogD3D11RHI:       4065/0/4009 MB DedicatedVideo/DedicatedSystem/SharedSystem, Outputs:1, VendorId:0x10de
[2018.04.16-19.06.09:743][  0]LogD3D11RHI:    1. 'Intel(R) HD Graphics 530' (Feature Level 11_0)
[2018.04.16-19.06.09:743][  0]LogD3D11RHI:       128/0/4009 MB DedicatedVideo/DedicatedSystem/SharedSystem, Outputs:0, VendorId:0x8086
[2018.04.16-19.06.09:746][  0]LogD3D11RHI:    2. 'Microsoft Basic Render Driver' (Feature Level 11_0)
[2018.04.16-19.06.09:746][  0]LogD3D11RHI:       0/0/4009 MB DedicatedVideo/DedicatedSystem/SharedSystem, Outputs:0, VendorId:0x1414
[2018.04.16-19.06.09:746][  0]LogD3D11RHI: Chosen D3D11 Adapter: 0
[2018.04.16-19.06.09:754][  0]LogD3D11RHI: Creating new Direct3DDevice
[2018.04.16-19.06.09:754][  0]LogD3D11RHI:     GPU DeviceId: 0x139b (for the marketing name, search the web for "GPU Device Id")
[2018.04.16-19.06.09:754][  0]LogWindows: EnumDisplayDevices:
[2018.04.16-19.06.09:754][  0]LogWindows:    0. 'Intel(R) HD Graphics 530' (P:1 D:1)
[2018.04.16-19.06.09:754][  0]LogWindows:    1. 'Intel(R) HD Graphics 530' (P:0 D:0)
[2018.04.16-19.06.09:754][  0]LogWindows:    2. 'Intel(R) HD Graphics 530' (P:0 D:0)
[2018.04.16-19.06.09:754][  0]LogWindows: DebugString: GetVideoDriverDetailsInvalid PrimaryIsNotTheChoosenAdapter GetVideoDriverDetailsInvalid PrimaryIsNotTheChoosenAdapter GetVideoDriverDetailsInvalid PrimaryIsNotTheChoosenAdapter FoundDriverCount:0 
[2018.04.16-19.06.09:754][  0]LogD3D11RHI:     Adapter Name: NVIDIA GeForce GTX 960M
[2018.04.16-19.06.09:754][  0]LogD3D11RHI:   Driver Version: Unknown (internal:Unknown, unified:Unknown)
[2018.04.16-19.06.09:754][  0]LogD3D11RHI:      Driver Date: Unknown
[2018.04.16-19.06.09:754][  0]LogRHI: Texture pool is 2846 MB (70% of 4065 MB)
[2018.04.16-19.06.09:782][  0]LogD3D11RHI: Async texture creation enabled
[2018.04.16-19.06.09:797][  0]LogD3D11RHI: GPU Timing Frequency: 1000.000000 (Debug: 2 1)
[2018.04.16-19.06.09:799][  0]LogShaderCompilers: Guid format shader working directory is -26 characters bigger than the processId version (C:/Users/bhold/OneDrive/Documents/GitHub/Beyond-Olympus/BOexperimenting/Intermediate/Shaders/WorkingDirectory/15752/).
[2018.04.16-19.06.09:799][  0]LogShaderCompilers: Cleaned the shader compiler working directory 'C:/Users/bhold/AppData/Local/Temp/UnrealShaderWorkingDir/1DC4BD854D9453E4DBA69DABDAD5A99B/'.
[2018.04.16-19.06.09:799][  0]LogShaderCompilers: Display: Using Local Shader Compiler.
[2018.04.16-19.06.10:940][  0]LogTemp: Display: Loaded TP AllDesktopTargetPlatform
[2018.04.16-19.06.10:992][  0]LogTemp: Display: Loaded TP MacClientTargetPlatform
[2018.04.16-19.06.11:043][  0]LogTemp: Display: Loaded TP MacNoEditorTargetPlatform
[2018.04.16-19.06.11:095][  0]LogTemp: Display: Loaded TP MacServerTargetPlatform
[2018.04.16-19.06.11:149][  0]LogTemp: Display: Loaded TP MacTargetPlatform
[2018.04.16-19.06.11:206][  0]LogTemp: Display: Loaded TP WindowsClientTargetPlatform
[2018.04.16-19.06.11:265][  0]LogTemp: Display: Loaded TP WindowsNoEditorTargetPlatform
[2018.04.16-19.06.11:310][  0]LogTemp: Display: Loaded TP WindowsServerTargetPlatform
[2018.04.16-19.06.11:345][  0]LogTemp: Display: Loaded TP WindowsTargetPlatform
[2018.04.16-19.06.11:386][  0]LogTemp: Display: Loaded TP Android_ASTCTargetPlatform
[2018.04.16-19.06.11:427][  0]LogTemp: Display: Loaded TP Android_ATCTargetPlatform
[2018.04.16-19.06.11:468][  0]LogTemp: Display: Loaded TP Android_DXTTargetPlatform
[2018.04.16-19.06.11:508][  0]LogTemp: Display: Loaded TP Android_ETC1TargetPlatform
[2018.04.16-19.06.11:555][  0]LogTemp: Display: Loaded TP Android_ETC2TargetPlatform
[2018.04.16-19.06.11:657][  0]LogTemp: Display: Loaded TP Android_MultiTargetPlatform
[2018.04.16-19.06.11:657][  0]LogTemp: Display: Loaded TP Android_PVRTCTargetPlatform
[2018.04.16-19.06.11:706][  0]LogTemp: Display: Loaded TP AndroidTargetPlatform
[2018.04.16-19.06.11:738][  0]LogTemp: Display: Loaded TP HTML5TargetPlatform
[2018.04.16-19.06.11:816][  0]LogTemp: Display: Loaded TP IOSTargetPlatform
[2018.04.16-19.06.11:849][  0]LogTemp: Display: Loaded TP TVOSTargetPlatform
[2018.04.16-19.06.11:907][  0]LogTemp: Display: Loaded TP LinuxClientTargetPlatform
[2018.04.16-19.06.11:951][  0]LogTemp: Display: Loaded TP LinuxNoEditorTargetPlatform
[2018.04.16-19.06.11:996][  0]LogTemp: Display: Loaded TP LinuxServerTargetPlatform
[2018.04.16-19.06.12:061][  0]LogTemp: Display: Loaded TP LinuxTargetPlatform
[2018.04.16-19.06.12:061][  0]LogTargetPlatformManager: Display: Building Assets For Windows
[2018.04.16-19.06.12:544][  0]LogDerivedDataCache: Display: Max Cache Size: 512 MB
[2018.04.16-19.06.12:669][  0]LogDerivedDataCache: Loaded boot cache 0.12s 78MB C:/Users/bhold/AppData/Local/UnrealEngine/4.18/DerivedDataCache/Boot.ddc.
[2018.04.16-19.06.12:669][  0]LogDerivedDataCache: Display: Loaded Boot cache: C:/Users/bhold/AppData/Local/UnrealEngine/4.18/DerivedDataCache/Boot.ddc
[2018.04.16-19.06.12:669][  0]LogDerivedDataCache: FDerivedDataBackendGraph:  Pak pak cache file C:/Users/bhold/OneDrive/Documents/GitHub/Beyond-Olympus/BOexperimenting/DerivedDataCache/DDC.ddp not found, will not use a pak cache.
[2018.04.16-19.06.12:669][  0]LogDerivedDataCache: Unable to find inner node Pak for hierarchical cache Hierarchy.
[2018.04.16-19.06.12:669][  0]LogDerivedDataCache: FDerivedDataBackendGraph:  CompressedPak pak cache file C:/Users/bhold/OneDrive/Documents/GitHub/Beyond-Olympus/BOexperimenting/DerivedDataCache/Compressed.ddp not found, will not use a pak cache.
[2018.04.16-19.06.12:669][  0]LogDerivedDataCache: Unable to find inner node CompressedPak for hierarchical cache Hierarchy.
[2018.04.16-19.06.12:690][  0]LogDerivedDataCache: Display: Pak cache opened for reading ../../../Engine/DerivedDataCache/Compressed.ddp.
[2018.04.16-19.06.12:703][  0]LogDerivedDataCache: Using Local data cache path C:/Users/bhold/AppData/Local/UnrealEngine/Common/DerivedDataCache: Writable
[2018.04.16-19.06.12:716][  0]LogMaterial: Verifying Global Shaders for PCD3D_SM5
[2018.04.16-19.06.12:717][  0]LogSlate: Using Freetype 2.6.0
[2018.04.16-19.06.12:718][  0]LogSlate: SlateFontCache - WITH_FREETYPE: 1, WITH_HARFBUZZ: 1
[2018.04.16-19.06.12:718][  0]LogSlate: SlateFontCache - WITH_FREETYPE: 1, WITH_HARFBUZZ: 1
[2018.04.16-19.06.13:128][  0]LogInit: Selected Device Profile: [Windows]
[2018.04.16-19.06.13:456][  0]LogSimplygon: Simplygon DLL not present - disabling.
[2018.04.16-19.06.13:487][  0]LogMeshReduction: Using SimplygonSwarm for distributed automatic mesh merging
[2018.04.16-19.06.13:487][  0]LogMeshReduction: Using QuadricMeshReduction for automatic static mesh reduction
[2018.04.16-19.06.13:487][  0]LogMeshReduction: No automatic skeletal mesh reduction module available
[2018.04.16-19.06.13:487][  0]LogMeshReduction: No automatic mesh merging module available
[2018.04.16-19.06.13:487][  0]LogMeshMerging: No automatic mesh merging module available
[2018.04.16-19.06.13:515][  0]LogNetVersion: BOexperimenting , NetCL: 3709383, EngineNetVer: 2, GameNetVer: 0 (Checksum: 1852017727)
[2018.04.16-19.06.13:767][  0]LogAssetRegistry: FAssetRegistry took 0.0271 seconds to start up
[2018.04.16-19.06.14:336][  0]LogPackageLocalizationCache: Processed 7 localized package path(s) for 2 prioritized culture(s) in 0.076679 seconds
[2018.04.16-19.06.14:344][  0]LogUObjectArray: 35870 objects as part of root set at end of initial load.
[2018.04.16-19.06.14:344][  0]LogUObjectAllocator: 7363696 out of 0 bytes used by permanent object pool.
[2018.04.16-19.06.14:344][  0]LogUObjectArray: CloseDisregardForGC: 0/0 objects in disregard for GC pool
[2018.04.16-19.06.14:388][  0]LogInit: WinSock: version 1.1 (2.2), MaxSocks=32767, MaxUdp=65467
[2018.04.16-19.06.17:173][  0]LogTcpMessaging: Initializing TcpMessaging bridge
[2018.04.16-19.06.17:209][  0]LogUdpMessaging: Initializing bridge on interface 0.0.0.0:0 to multicast group 230.0.0.1:6666.
[2018.04.16-19.06.17:904][  0]LogMaterial: Uniform references updated for custom material expression Custom.
[2018.04.16-19.06.18:288][  0]SourceControl: Source control is disabled
[2018.04.16-19.06.18:288][  0]SourceControl: Source control is disabled
[2018.04.16-19.06.18:419][  0]SourceControl: Source control is disabled
[2018.04.16-19.06.18:550][  0]SourceControl: Source control is disabled
[2018.04.16-19.06.20:005][  0]LogAndroidPermission: UAndroidPermissionCallbackProxy::GetInstance
[2018.04.16-19.06.20:563][  0]LogOcInput: OculusInput pre-init called
[2018.04.16-19.06.20:973][  0]LogEngine: Initializing Engine...
[2018.04.16-19.06.20:977][  0]LogHMD: Failed to initialize OpenVR with code 110
[2018.04.16-19.06.21:422][  0]LogStats: UGameplayTagsManager::ConstructGameplayTagTree: Construct from data asset -  0.000 s
[2018.04.16-19.06.21:423][  0]LogStats: UGameplayTagsManager::ConstructGameplayTagTree: GameplayTagTreeChangedEvent.Broadcast -  0.000 s
[2018.04.16-19.06.21:771][  0]LogAIModule: Creating AISystem for world Untitled
[2018.04.16-19.06.21:785][  0]LogInit: XAudio2 using 'Speakers (Realtek High Definition Audio)' : 2 channels at 48 kHz using 32 bits per sample (channel mask 0x3)
[2018.04.16-19.06.21:813][  0]LogInit: FAudioDevice initialized.
[2018.04.16-19.06.21:913][  0]LogDerivedDataCache: Saved boot cache 0.10s 78MB C:/Users/bhold/AppData/Local/UnrealEngine/4.18/DerivedDataCache/Boot.ddc.
[2018.04.16-19.06.22:016][  0]LogInit: Texture streaming: Enabled
[2018.04.16-19.06.22:127][  0]LogEngineSessionManager: EngineSessionManager initialized
[2018.04.16-19.06.22:484][  0]LogInit: Transaction tracking system initialized
[2018.04.16-19.06.22:968][  0]BlueprintLog: New page: Editor Load
[2018.04.16-19.06.24:920][  0]LocalizationService: Localization service is disabled
[2018.04.16-19.06.26:384][  0]LogConsoleResponse: Display: 
[2018.04.16-19.06.26:781][  0]LogCook: Display: Max memory allowance for cook 16384mb min free memory 0mb
[2018.04.16-19.06.26:782][  0]LogCook: Display: Mobile HDR setting 1
[2018.04.16-19.06.26:782][  0]LogGameplayTags: Display: UGameplayTagsManager::DoneAddingNativeTags. DelegateIsBound: 0
[2018.04.16-19.06.27:251][  0]LogFileCache: Scanning file cache for directory 'C:/Users/bhold/OneDrive/Documents/GitHub/Beyond-Olympus/BOexperimenting/Content/' took 0.06s
[2018.04.16-19.06.27:908][  0]SourceControl: Source control is disabled
[2018.04.16-19.06.27:908][  0]Cmd: MAP LOAD FILE="C:/Users/bhold/OneDrive/Documents/GitHub/Beyond-Olympus/BOexperimenting/Content/2DSideScrollerBP/Maps/2DSideScrollerExampleMap.umap" TEMPLATE=0 SHOWPROGRESS=1 FEATURELEVEL=3
[2018.04.16-19.06.27:909][  0]LightingResults: New page: Lighting Build
[2018.04.16-19.06.27:955][  0]MapCheck: New page: Map Check
[2018.04.16-19.06.27:955][  0]LightingResults: New page: Lighting Build
[2018.04.16-19.06.29:085][  0]LogAIModule: Creating AISystem for world 2DSideScrollerExampleMap
[2018.04.16-19.06.29:148][  0]LogEditorServer: Finished looking for orphan Actors (0.000 secs)
[2018.04.16-19.06.29:189][  0]Cmd: MAP CHECKDEP NOCLEARLOG
[2018.04.16-19.06.29:247][  0]MapCheck: Map check complete: 0 Error(s), 0 Warning(s), took 57.732ms to complete.
[2018.04.16-19.06.29:247][  0]LogFileHelpers: Loading map '2DSideScrollerExampleMap' took 1.338
[2018.04.16-19.06.29:346][  0]LogWindowsTextInputMethodSystem: Display: IME system now deactivated.
[2018.04.16-19.06.29:346][  0]LogWindowsTextInputMethodSystem: Display: IME system now deactivated.
[2018.04.16-19.06.30:272][  0]LogCollectionManager: Loaded 0 collections in 0.002218 seconds
[2018.04.16-19.06.30:478][  0]LogFileCache: Scanning file cache for directory 'C:/Users/bhold/OneDrive/Documents/GitHub/Beyond-Olympus/BOexperimenting/Saved/Collections/' took 0.01s
[2018.04.16-19.06.30:478][  0]LogFileCache: Scanning file cache for directory 'C:/Users/bhold/OneDrive/Documents/GitHub/Beyond-Olympus/BOexperimenting/Content/Developers/Holden/Collections/' took 0.01s
[2018.04.16-19.06.30:478][  0]LogFileCache: Scanning file cache for directory 'C:/Users/bhold/OneDrive/Documents/GitHub/Beyond-Olympus/BOexperimenting/Content/Collections/' took 0.01s
[2018.04.16-19.06.30:478][  0]LogCollectionManager: Rebuilt the GUID cache for 0 collections in 0.000001 seconds
[2018.04.16-19.06.30:505][  0]LogContentBrowser: Native class hierarchy populated in 0.0214 seconds. Added 2372 classes and 524 folders.
[2018.04.16-19.06.30:771][  0]LogContentBrowser: Native class hierarchy updated for 'WidgetCarousel' in 0.0003 seconds. Added 0 classes and 0 folders.
[2018.04.16-19.06.31:621][  0]LogContentBrowser: Native class hierarchy updated for 'AddContentDialog' in 0.0009 seconds. Added 0 classes and 0 folders.
[2018.04.16-19.06.31:844][  0]LogContentBrowser: Native class hierarchy updated for 'SceneOutliner' in 0.0007 seconds. Added 1 classes and 2 folders.
[2018.04.16-19.06.33:052][  0]LogSlate: Took 0.000497 seconds to synchronously load lazily loaded font '../../../Engine/Content/Slate/Fonts/Roboto-Regular.ttf' (155K)
[2018.04.16-19.06.33:058][  0]LogSlate: Took 0.000541 seconds to synchronously load lazily loaded font '../../../Engine/Content/Slate/Fonts/Roboto-Bold.ttf' (160K)
[2018.04.16-19.06.33:110][  0]LogSlate: Took 0.006477 seconds to synchronously load lazily loaded font '../../../Engine/Content/Editor/Slate/Fonts/FontAwesome.ttf' (139K)
[2018.04.16-19.06.33:732][  0]LogRenderer: Reallocating scene render targets to support 964x436 Format 10 NumSamples 1 (Frame:1).
[2018.04.16-19.06.34:479][  0]LogContentBrowser: Native class hierarchy updated for 'HierarchicalLODOutliner' in 0.0005 seconds. Added 1 classes and 2 folders.
[2018.04.16-19.06.34:479][  0]LogLoad: (Engine Initialization) Total time: 29.24 seconds
[2018.04.16-19.06.34:479][  0]LogLoad: (Engine Initialization) Total Blueprint compile time: 0.00 seconds
[2018.04.16-19.06.34:480][  0]LogExternalProfiler: No external profilers were discovered.  External profiling features will not be available.
[2018.04.16-19.06.34:577][  0]LogContentStreaming: Texture pool size now 1000 MB
[2018.04.16-19.06.34:732][  0]LogSlate: Took 0.007817 seconds to synchronously load lazily loaded font '../../../Engine/Content/Slate/Fonts/Roboto-Light.ttf' (159K)
[2018.04.16-19.06.34:850][  2]LogAssetRegistry: Asset discovery search completed in 21.1057 seconds
[2018.04.16-19.06.34:856][  2]LogCollectionManager: Rebuilt the object cache for 0 collections in 0.000001 seconds (found 0 objects)
[2018.04.16-19.06.34:856][  2]LogCollectionManager: Fixed up redirectors for 0 collections in 0.000183 seconds (updated 0 objects)
[2018.04.16-19.06.35:580][ 36]LogSlate: Took 0.000278 seconds to synchronously load lazily loaded font '../../../Engine/Content/Slate/Fonts/Roboto-Light.ttf' (159K)
[2018.04.16-19.09.33:663][ 35]LogSlate: Took 0.000401 seconds to synchronously load lazily loaded font '../../../Engine/Content/Slate/Fonts/Roboto-Light.ttf' (159K)
[2018.04.16-19.09.34:748][ 35]LogSavePackage: Save=623.62ms
[2018.04.16-19.09.34:748][ 35]LogSavePackage: Moving 'C:/Users/bhold/OneDrive/Documents/GitHub/Beyond-Olympus/BOexperimenting/Saved/2DSideScrollerExampleMap7398E54F48548F9300DCF7A4439473B2.tmp' to 'C:/Users/bhold/OneDrive/Documents/GitHub/Beyond-Olympus/BOexperimenting/Content/2DSideScrollerBP/Maps/2DSideScrollerExampleMap.umap'
[2018.04.16-19.09.34:757][ 35]LogSavePackage: Display: Finished SavePackage C:/Users/bhold/OneDrive/Documents/GitHub/Beyond-Olympus/BOexperimenting/Content/2DSideScrollerBP/Maps/2DSideScrollerExampleMap.umap
[2018.04.16-19.09.34:977][ 35]LogSavePackage: Save=7.28ms
[2018.04.16-19.09.34:977][ 35]LogSavePackage: Moving 'C:/Users/bhold/OneDrive/Documents/GitHub/Beyond-Olympus/BOexperimenting/Saved/2DSideScrollerExampleMap_BuiltDaDD5205404AF1EF1EB3977796089C67B8.tmp' to 'C:/Users/bhold/OneDrive/Documents/GitHub/Beyond-Olympus/BOexperimenting/Content/2DSideScrollerBP/Maps/2DSideScrollerExampleMap_BuiltData.uasset'
[2018.04.16-19.09.34:978][ 35]LogSavePackage: Display: Finished SavePackage C:/Users/bhold/OneDrive/Documents/GitHub/Beyond-Olympus/BOexperimenting/Content/2DSideScrollerBP/Maps/2DSideScrollerExampleMap_BuiltData.uasset
[2018.04.16-19.09.35:657][ 73]LogTemp: Repeating last play command: Selected Viewport
[2018.04.16-19.09.35:847][ 73]LogBlueprintUserMessages: Early PlayInEditor Detection: Level '/Game/2DSideScrollerBP/Maps/2DSideScrollerExampleMap.2DSideScrollerExampleMap:PersistentLevel' has LevelScriptBlueprint '/Game/2DSideScrollerBP/Maps/2DSideScrollerExampleMap.2DSideScrollerExampleMap:PersistentLevel.2DSideScrollerExampleMap' with GeneratedClass '/Game/2DSideScrollerBP/Maps/2DSideScrollerExampleMap.2DSideScrollerExampleMap_C' with ClassGeneratedBy '/Game/2DSideScrollerBP/Maps/2DSideScrollerExampleMap.2DSideScrollerExampleMap:PersistentLevel.2DSideScrollerExampleMap'
[2018.04.16-19.09.35:869][ 73]LogPlayLevel: PlayLevel: No blueprints needed recompiling
[2018.04.16-19.09.35:917][ 73]PIE: New page: PIE session: 2DSideScrollerExampleMap (Apr 16, 2018, 9:09:35 AM)
[2018.04.16-19.09.35:933][ 73]LogPlayLevel: Creating play world package: /Game/2DSideScrollerBP/Maps/UEDPIE_0_2DSideScrollerExampleMap
[2018.04.16-19.09.35:972][ 73]LogPlayLevel: PIE: StaticDuplicateObject took: (0.039224s)
[2018.04.16-19.09.35:974][ 73]LogAIModule: Creating AISystem for world 2DSideScrollerExampleMap
[2018.04.16-19.09.35:975][ 73]LogPlayLevel: PIE: World Init took: (0.002389s)
[2018.04.16-19.09.35:987][ 73]LogPlayLevel: PIE: Created PIE world by copying editor world from /Game/2DSideScrollerBP/Maps/2DSideScrollerExampleMap.2DSideScrollerExampleMap to /Game/2DSideScrollerBP/Maps/UEDPIE_0_2DSideScrollerExampleMap.2DSideScrollerExampleMap (0.053659s)
[2018.04.16-19.09.36:084][ 73]LogInit: XAudio2 using 'Speakers (Realtek High Definition Audio)' : 2 channels at 48 kHz using 32 bits per sample (channel mask 0x3)
[2018.04.16-19.09.36:117][ 73]LogInit: FAudioDevice initialized.
[2018.04.16-19.09.36:191][ 73]LogLoad: Game class is '2DSideScrollerGameMode_C'
[2018.04.16-19.09.36:359][ 73]LogWorld: Bringing World /Game/2DSideScrollerBP/Maps/UEDPIE_0_2DSideScrollerExampleMap.2DSideScrollerExampleMap up for play (max tick rate 60) at 2018.04.16-14.09.36
[2018.04.16-19.09.36:393][ 73]LogWorld: Bringing up level for play took: 0.045835
[2018.04.16-19.09.36:546][ 73]LogContentBrowser: Native class hierarchy updated for 'MovieSceneCapture' in 0.0006 seconds. Added 11 classes and 0 folders.
[2018.04.16-19.09.36:640][ 73]PIE: Play in editor start time for /Game/2DSideScrollerBP/Maps/UEDPIE_0_2DSideScrollerExampleMap 0.22
[2018.04.16-19.09.36:641][ 73]LogBlueprintUserMessages: Late PlayInEditor Detection: Level '/Game/2DSideScrollerBP/Maps/2DSideScrollerExampleMap.2DSideScrollerExampleMap:PersistentLevel' has LevelScriptBlueprint '/Game/2DSideScrollerBP/Maps/2DSideScrollerExampleMap.2DSideScrollerExampleMap:PersistentLevel.2DSideScrollerExampleMap' with GeneratedClass '/Game/2DSideScrollerBP/Maps/2DSideScrollerExampleMap.2DSideScrollerExampleMap_C' with ClassGeneratedBy '/Game/2DSideScrollerBP/Maps/2DSideScrollerExampleMap.2DSideScrollerExampleMap:PersistentLevel.2DSideScrollerExampleMap'
[2018.04.16-19.09.51:559][920]LogBlueprintUserMessages: Early EndPlayMap Detection: Level '/Game/2DSideScrollerBP/Maps/2DSideScrollerExampleMap.2DSideScrollerExampleMap:PersistentLevel' has LevelScriptBlueprint '/Game/2DSideScrollerBP/Maps/2DSideScrollerExampleMap.2DSideScrollerExampleMap:PersistentLevel.2DSideScrollerExampleMap' with GeneratedClass '/Game/2DSideScrollerBP/Maps/2DSideScrollerExampleMap.2DSideScrollerExampleMap_C' with ClassGeneratedBy '/Game/2DSideScrollerBP/Maps/2DSideScrollerExampleMap.2DSideScrollerExampleMap:PersistentLevel.2DSideScrollerExampleMap'
[2018.04.16-19.09.51:686][920]LogBlueprintUserMessages: Late EndPlayMap Detection: Level '/Game/2DSideScrollerBP/Maps/2DSideScrollerExampleMap.2DSideScrollerExampleMap:PersistentLevel' has LevelScriptBlueprint '/Game/2DSideScrollerBP/Maps/2DSideScrollerExampleMap.2DSideScrollerExampleMap:PersistentLevel.2DSideScrollerExampleMap' with GeneratedClass '/Game/2DSideScrollerBP/Maps/2DSideScrollerExampleMap.2DSideScrollerExampleMap_C' with ClassGeneratedBy '/Game/2DSideScrollerBP/Maps/2DSideScrollerExampleMap.2DSideScrollerExampleMap:PersistentLevel.2DSideScrollerExampleMap'
[2018.04.16-19.09.54:283][ 64]LogEditorViewport: Clicking on Actor (LMB): PaperSpriteActor (Background_Sprite)
[2018.04.16-19.10.00:009][340]LogSavePackage: Save=307.98ms
[2018.04.16-19.10.00:009][340]LogSavePackage: Moving 'C:/Users/bhold/OneDrive/Documents/GitHub/Beyond-Olympus/BOexperimenting/Saved/2DSideScrollerExampleMap83F0115E4B487F258CA651B80E438A9E.tmp' to 'C:/Users/bhold/OneDrive/Documents/GitHub/Beyond-Olympus/BOexperimenting/Content/2DSideScrollerBP/Maps/2DSideScrollerExampleMap.umap'
[2018.04.16-19.10.00:016][340]LogSavePackage: Display: Finished SavePackage C:/Users/bhold/OneDrive/Documents/GitHub/Beyond-Olympus/BOexperimenting/Content/2DSideScrollerBP/Maps/2DSideScrollerExampleMap.umap
[2018.04.16-19.10.00:204][340]LogSavePackage: Save=13.99ms
[2018.04.16-19.10.00:204][340]LogSavePackage: Moving 'C:/Users/bhold/OneDrive/Documents/GitHub/Beyond-Olympus/BOexperimenting/Saved/2DSideScrollerExampleMap_BuiltDaC0C06080481EFA3D0A3DE6B9348959CE.tmp' to 'C:/Users/bhold/OneDrive/Documents/GitHub/Beyond-Olympus/BOexperimenting/Content/2DSideScrollerBP/Maps/2DSideScrollerExampleMap_BuiltData.uasset'
[2018.04.16-19.10.00:207][340]LogSavePackage: Display: Finished SavePackage C:/Users/bhold/OneDrive/Documents/GitHub/Beyond-Olympus/BOexperimenting/Content/2DSideScrollerBP/Maps/2DSideScrollerExampleMap_BuiltData.uasset
[2018.04.16-19.10.00:437][351]LogTemp: Repeating last play command: Selected Viewport
[2018.04.16-19.10.00:470][351]LogBlueprintUserMessages: Early PlayInEditor Detection: Level '/Game/2DSideScrollerBP/Maps/2DSideScrollerExampleMap.2DSideScrollerExampleMap:PersistentLevel' has LevelScriptBlueprint '/Game/2DSideScrollerBP/Maps/2DSideScrollerExampleMap.2DSideScrollerExampleMap:PersistentLevel.2DSideScrollerExampleMap' with GeneratedClass '/Game/2DSideScrollerBP/Maps/2DSideScrollerExampleMap.2DSideScrollerExampleMap_C' with ClassGeneratedBy '/Game/2DSideScrollerBP/Maps/2DSideScrollerExampleMap.2DSideScrollerExampleMap:PersistentLevel.2DSideScrollerExampleMap'
[2018.04.16-19.10.00:470][351]LogPlayLevel: PlayLevel: No blueprints needed recompiling
[2018.04.16-19.10.00:470][351]PIE: New page: PIE session: 2DSideScrollerExampleMap (Apr 16, 2018, 9:10:00 AM)
[2018.04.16-19.10.00:470][351]LogPlayLevel: Creating play world package: /Game/2DSideScrollerBP/Maps/UEDPIE_0_2DSideScrollerExampleMap
[2018.04.16-19.10.00:475][351]LogPlayLevel: PIE: StaticDuplicateObject took: (0.004662s)
[2018.04.16-19.10.00:476][351]LogAIModule: Creating AISystem for world 2DSideScrollerExampleMap
[2018.04.16-19.10.00:476][351]LogPlayLevel: PIE: World Init took: (0.000654s)
[2018.04.16-19.10.00:476][351]LogPlayLevel: PIE: Created PIE world by copying editor world from /Game/2DSideScrollerBP/Maps/2DSideScrollerExampleMap.2DSideScrollerExampleMap to /Game/2DSideScrollerBP/Maps/UEDPIE_0_2DSideScrollerExampleMap.2DSideScrollerExampleMap (0.005605s)
[2018.04.16-19.10.00:489][351]LogInit: XAudio2 using 'Speakers (Realtek High Definition Audio)' : 2 channels at 48 kHz using 32 bits per sample (channel mask 0x3)
[2018.04.16-19.10.00:499][351]LogInit: FAudioDevice initialized.
[2018.04.16-19.10.00:628][351]LogLoad: Game class is '2DSideScrollerGameMode_C'
[2018.04.16-19.10.00:637][351]LogWorld: Bringing World /Game/2DSideScrollerBP/Maps/UEDPIE_0_2DSideScrollerExampleMap.2DSideScrollerExampleMap up for play (max tick rate 60) at 2018.04.16-14.10.00
[2018.04.16-19.10.00:639][351]LogWorld: Bringing up level for play took: 0.008441
[2018.04.16-19.10.00:644][351]PIE: Play in editor start time for /Game/2DSideScrollerBP/Maps/UEDPIE_0_2DSideScrollerExampleMap 0.225
[2018.04.16-19.10.00:645][351]LogBlueprintUserMessages: Late PlayInEditor Detection: Level '/Game/2DSideScrollerBP/Maps/2DSideScrollerExampleMap.2DSideScrollerExampleMap:PersistentLevel' has LevelScriptBlueprint '/Game/2DSideScrollerBP/Maps/2DSideScrollerExampleMap.2DSideScrollerExampleMap:PersistentLevel.2DSideScrollerExampleMap' with GeneratedClass '/Game/2DSideScrollerBP/Maps/2DSideScrollerExampleMap.2DSideScrollerExampleMap_C' with ClassGeneratedBy '/Game/2DSideScrollerBP/Maps/2DSideScrollerExampleMap.2DSideScrollerExampleMap:PersistentLevel.2DSideScrollerExampleMap'
[2018.04.16-19.11.13:949][315]LogBlueprintUserMessages: Early EndPlayMap Detection: Level '/Game/2DSideScrollerBP/Maps/2DSideScrollerExampleMap.2DSideScrollerExampleMap:PersistentLevel' has LevelScriptBlueprint '/Game/2DSideScrollerBP/Maps/2DSideScrollerExampleMap.2DSideScrollerExampleMap:PersistentLevel.2DSideScrollerExampleMap' with GeneratedClass '/Game/2DSideScrollerBP/Maps/2DSideScrollerExampleMap.2DSideScrollerExampleMap_C' with ClassGeneratedBy '/Game/2DSideScrollerBP/Maps/2DSideScrollerExampleMap.2DSideScrollerExampleMap:PersistentLevel.2DSideScrollerExampleMap'
[2018.04.16-19.11.13:997][315]LogBlueprintUserMessages: Late EndPlayMap Detection: Level '/Game/2DSideScrollerBP/Maps/2DSideScrollerExampleMap.2DSideScrollerExampleMap:PersistentLevel' has LevelScriptBlueprint '/Game/2DSideScrollerBP/Maps/2DSideScrollerExampleMap.2DSideScrollerExampleMap:PersistentLevel.2DSideScrollerExampleMap' with GeneratedClass '/Game/2DSideScrollerBP/Maps/2DSideScrollerExampleMap.2DSideScrollerExampleMap_C' with ClassGeneratedBy '/Game/2DSideScrollerBP/Maps/2DSideScrollerExampleMap.2DSideScrollerExampleMap:PersistentLevel.2DSideScrollerExampleMap'
[2018.04.16-19.12.07:285][470]LogSavePackage: Save=307.53ms
[2018.04.16-19.12.07:285][470]LogSavePackage: Moving 'C:/Users/bhold/OneDrive/Documents/GitHub/Beyond-Olympus/BOexperimenting/Saved/2DSideScrollerExampleMap33B8E75244296A860C6F60965EF440A1.tmp' to 'C:/Users/bhold/OneDrive/Documents/GitHub/Beyond-Olympus/BOexperimenting/Content/2DSideScrollerBP/Maps/2DSideScrollerExampleMap.umap'
[2018.04.16-19.12.07:290][470]LogSavePackage: Display: Finished SavePackage C:/Users/bhold/OneDrive/Documents/GitHub/Beyond-Olympus/BOexperimenting/Content/2DSideScrollerBP/Maps/2DSideScrollerExampleMap.umap
[2018.04.16-19.12.07:603][470]LogSavePackage: Save=14.26ms
[2018.04.16-19.12.07:604][470]LogSavePackage: Moving 'C:/Users/bhold/OneDrive/Documents/GitHub/Beyond-Olympus/BOexperimenting/Saved/2DSideScrollerExampleMap_BuiltDa494A86F8491020071FD2E787610C396F.tmp' to 'C:/Users/bhold/OneDrive/Documents/GitHub/Beyond-Olympus/BOexperimenting/Content/2DSideScrollerBP/Maps/2DSideScrollerExampleMap_BuiltData.uasset'
[2018.04.16-19.12.07:606][470]LogSavePackage: Display: Finished SavePackage C:/Users/bhold/OneDrive/Documents/GitHub/Beyond-Olympus/BOexperimenting/Content/2DSideScrollerBP/Maps/2DSideScrollerExampleMap_BuiltData.uasset
[2018.04.16-19.14.14:112][125]Cmd: QUIT_EDITOR
[2018.04.16-19.14.14:493][125]LogWindowsTextInputMethodSystem: Display: IME system now deactivated.
[2018.04.16-19.14.14:493][125]LogWindowsTextInputMethodSystem: Display: IME system now deactivated.
[2018.04.16-19.14.14:541][125]LogExit: Preparing to exit.
[2018.04.16-19.14.15:607][125]LogExit: Editor shut down
[2018.04.16-19.14.15:614][125]LogExit: Transaction tracking system shut down
[2018.04.16-19.14.15:840][125]LogDirectoryWatcher: A directory notification for '../../../Engine/Content/' was aborted.
[2018.04.16-19.14.15:840][125]LogDirectoryWatcher: A directory notification for 'C:/Users/bhold/OneDrive/Documents/GitHub/Beyond-Olympus/BOexperimenting/Content/' was aborted.
[2018.04.16-19.14.15:840][125]LogDirectoryWatcher: A directory notification for '../../../Engine/Plugins/2D/Paper2D/Content/' was aborted.
[2018.04.16-19.14.15:840][125]LogDirectoryWatcher: A directory notification for '../../../Engine/Plugins/Media/MediaCompositing/Content/' was aborted.
[2018.04.16-19.14.15:841][125]LogDirectoryWatcher: A directory notification for '../../../Engine/Plugins/Runtime/AppleARKit/Content/' was aborted.
[2018.04.16-19.14.15:841][125]LogDirectoryWatcher: A directory notification for '../../../Engine/Plugins/Runtime/Oculus/OculusVR/Content/' was aborted.
[2018.04.16-19.14.15:841][125]LogDirectoryWatcher: A directory notification for '../../../Engine/Plugins/Runtime/Steam/SteamVR/Content/' was aborted.
[2018.04.16-19.14.15:953][125]LogExit: Object subsystem successfully closed.
[2018.04.16-19.14.15:994][125]LogD3D11RHI: Shutdown
[2018.04.16-19.14.15:994][125]LogD3D11RHI: CleanupD3DDevice
[2018.04.16-19.14.15:998][125]LogD3D11RHI: ~FD3D11DynamicRHI
[2018.04.16-19.14.16:023][125]LogModuleManager: Shutting down and abandoning module MovieSceneCapture (554)
[2018.04.16-19.14.16:023][125]LogModuleManager: Shutting down and abandoning module HierarchicalLODOutliner (552)
[2018.04.16-19.14.16:023][125]LogModuleManager: Shutting down and abandoning module SceneOutliner (550)
[2018.04.16-19.14.16:023][125]LogModuleManager: Shutting down and abandoning module AddContentDialog (548)
[2018.04.16-19.14.16:023][125]LogDirectoryWatcher: A directory notification for 'D:/Epic Games/UE_4.18/FeaturePacks/' was aborted.
[2018.04.16-19.14.16:026][125]LogModuleManager: Shutting down and abandoning module WidgetCarousel (547)
[2018.04.16-19.14.16:026][125]LogModuleManager: Shutting down and abandoning module EditorWidgets (544)
[2018.04.16-19.14.16:026][125]LogModuleManager: Shutting down and abandoning module CollectionManager (542)
[2018.04.16-19.14.16:026][125]LogDirectoryWatcher: A directory notification for 'C:/Users/bhold/OneDrive/Documents/GitHub/Beyond-Olympus/BOexperimenting/Content/Collections/' was aborted.
[2018.04.16-19.14.16:026][125]LogDirectoryWatcher: A directory notification for 'C:/Users/bhold/OneDrive/Documents/GitHub/Beyond-Olympus/BOexperimenting/Content/Developers/Holden/Collections/' was aborted.
[2018.04.16-19.14.16:026][125]LogDirectoryWatcher: A directory notification for 'C:/Users/bhold/OneDrive/Documents/GitHub/Beyond-Olympus/BOexperimenting/Saved/Collections/' was aborted.
[2018.04.16-19.14.16:026][125]LogModuleManager: Shutting down and abandoning module StatsViewer (540)
[2018.04.16-19.14.16:027][125]LogModuleManager: Shutting down and abandoning module FoliageEdit (538)
[2018.04.16-19.14.16:027][125]LogModuleManager: Shutting down and abandoning module LandscapeEditor (536)
[2018.04.16-19.14.16:027][125]LogModuleManager: Shutting down and abandoning module MeshPaintMode (534)
[2018.04.16-19.14.16:027][125]LogModuleManager: Shutting down and abandoning module SceneDepthPickerMode (532)
[2018.04.16-19.14.16:027][125]LogModuleManager: Shutting down and abandoning module ActorPickerMode (530)
[2018.04.16-19.14.16:027][125]LogModuleManager: Shutting down and abandoning module GeometryMode (528)
[2018.04.16-19.14.16:027][125]LogModuleManager: Shutting down and abandoning module TextureAlignMode (526)
[2018.04.16-19.14.16:027][125]LogModuleManager: Shutting down and abandoning module BspMode (524)
[2018.04.16-19.14.16:027][125]LogModuleManager: Shutting down and abandoning module PIEPreviewDeviceProfileSelector (522)
[2018.04.16-19.14.16:027][125]LogModuleManager: Shutting down and abandoning module HardwareSurvey (520)
[2018.04.16-19.14.16:027][125]LogModuleManager: Shutting down and abandoning module SequenceRecorderSections (518)
[2018.04.16-19.14.16:028][125]LogModuleManager: Shutting down and abandoning module AutomationWorker (516)
[2018.04.16-19.14.16:028][125]LogModuleManager: Shutting down and abandoning module MatineeToLevelSequence (514)
[2018.04.16-19.14.16:028][125]LogModuleManager: Shutting down and abandoning module LevelSequenceEditor (512)
[2018.04.16-19.14.16:028][125]LogModuleManager: Shutting down and abandoning module PlacementMode (511)
[2018.04.16-19.14.16:028][125]LogModuleManager: Shutting down and abandoning module WmfMediaFactory (508)
[2018.04.16-19.14.16:028][125]LogModuleManager: Shutting down and abandoning module WmfMediaEditor (506)
[2018.04.16-19.14.16:028][125]LogModuleManager: Shutting down and abandoning module OpenExrWrapper (504)
[2018.04.16-19.14.16:028][125]LogModuleManager: Shutting down and abandoning module ImgMediaFactory (502)
[2018.04.16-19.14.16:028][125]LogModuleManager: Shutting down and abandoning module ImgMediaEditor (500)
[2018.04.16-19.14.16:028][125]LogModuleManager: Shutting down and abandoning module AvfMediaFactory (498)
[2018.04.16-19.14.16:028][125]LogModuleManager: Shutting down and abandoning module AvfMediaEditor (496)
[2018.04.16-19.14.16:028][125]LogModuleManager: Shutting down and abandoning module AndroidMediaFactory (494)
[2018.04.16-19.14.16:029][125]LogModuleManager: Shutting down and abandoning module AndroidMediaEditor (492)
[2018.04.16-19.14.16:029][125]LogModuleManager: Shutting down and abandoning module CharacterAI (490)
[2018.04.16-19.14.16:029][125]LogModuleManager: Shutting down and abandoning module AudioCapture (488)
[2018.04.16-19.14.16:029][125]LogModuleManager: Shutting down and abandoning module SequenceRecorder (487)
[2018.04.16-19.14.16:029][125]LogModuleManager: Shutting down and abandoning module SmartSnapping (484)
[2018.04.16-19.14.16:029][125]LogModuleManager: Shutting down and abandoning module SessionServices (482)
[2018.04.16-19.14.16:029][125]LogModuleManager: Shutting down and abandoning module ViewportSnapping (480)
[2018.04.16-19.14.16:029][125]LogModuleManager: Shutting down and abandoning module ViewportInteraction (478)
[2018.04.16-19.14.16:029][125]LogModuleManager: Shutting down and abandoning module ClothPainter (476)
[2018.04.16-19.14.16:029][125]LogModuleManager: Shutting down and abandoning module SkeletalMeshEditor (475)
[2018.04.16-19.14.16:029][125]LogModuleManager: Shutting down and abandoning module LogVisualizer (472)
[2018.04.16-19.14.16:029][125]LogModuleManager: Shutting down and abandoning module IntroTutorials (470)
[2018.04.16-19.14.16:142][125]LogModuleManager: Shutting down and abandoning module GameProjectGeneration (469)
[2018.04.16-19.14.16:142][125]LogModuleManager: Shutting down and abandoning module IOSPlatformEditor (466)
[2018.04.16-19.14.16:142][125]LogModuleManager: Shutting down and abandoning module HTML5PlatformEditor (464)
[2018.04.16-19.14.16:143][125]LogModuleManager: Shutting down and abandoning module AndroidPlatformEditor (462)
[2018.04.16-19.14.16:143][125]LogModuleManager: Shutting down and abandoning module AndroidDeviceDetection (461)
[2018.04.16-19.14.16:876][125]LogModuleManager: Shutting down and abandoning module WindowsPlatformEditor (458)
[2018.04.16-19.14.16:876][125]LogModuleManager: Shutting down and abandoning module IOSRuntimeSettings (456)
[2018.04.16-19.14.16:876][125]LogModuleManager: Shutting down and abandoning module AndroidRuntimeSettings (454)
[2018.04.16-19.14.16:876][125]LogModuleManager: Shutting down and abandoning module InputBindingEditor (452)
[2018.04.16-19.14.16:876][125]LogModuleManager: Shutting down and abandoning module MergeActors (450)
[2018.04.16-19.14.16:876][125]LogModuleManager: Shutting down and abandoning module SizeMap (448)
[2018.04.16-19.14.16:876][125]LogModuleManager: Shutting down and abandoning module TreeMap (446)
[2018.04.16-19.14.16:876][125]LogModuleManager: Shutting down and abandoning module ReferenceViewer (444)
[2018.04.16-19.14.16:876][125]LogModuleManager: Shutting down and abandoning module LocalizationDashboard (442)
[2018.04.16-19.14.16:877][125]LogModuleManager: Shutting down and abandoning module LocalizationService (441)
[2018.04.16-19.14.16:877][125]LogModuleManager: Shutting down and abandoning module HardwareTargeting (438)
[2018.04.16-19.14.16:877][125]LogModuleManager: Shutting down and abandoning module DeviceProfileEditor (436)
[2018.04.16-19.14.16:877][125]LogModuleManager: Shutting down and abandoning module UndoHistory (434)
[2018.04.16-19.14.16:877][125]LogModuleManager: Shutting down and abandoning module XmlParser (432)
[2018.04.16-19.14.16:877][125]LogModuleManager: Shutting down and abandoning module Blutility (430)
[2018.04.16-19.14.16:877][125]LogModuleManager: Shutting down and abandoning module ProjectSettingsViewer (428)
[2018.04.16-19.14.16:877][125]LogModuleManager: Shutting down and abandoning module ProjectTargetPlatformEditor (427)
[2018.04.16-19.14.16:877][125]LogModuleManager: Shutting down and abandoning module EditorSettingsViewer (424)
[2018.04.16-19.14.16:878][125]LogModuleManager: Shutting down and abandoning module SettingsEditor (422)
[2018.04.16-19.14.16:878][125]LogModuleManager: Shutting down and abandoning module ProjectLauncher (420)
[2018.04.16-19.14.16:878][125]LogModuleManager: Shutting down and abandoning module SessionFrontend (418)
[2018.04.16-19.14.16:878][125]LogModuleManager: Shutting down and abandoning module ProfilerClient (416)
[2018.04.16-19.14.16:878][125]LogModuleManager: Shutting down and abandoning module DeviceManager (414)
[2018.04.16-19.14.16:878][125]LogModuleManager: Shutting down and abandoning module TargetDeviceServices (413)
[2018.04.16-19.14.16:932][125]LogModuleManager: Shutting down and abandoning module AutomationController (410)
[2018.04.16-19.14.16:932][125]LogModuleManager: Shutting down and abandoning module AutomationWindow (408)
[2018.04.16-19.14.16:932][125]LogModuleManager: Shutting down and abandoning module Layers (406)
[2018.04.16-19.14.16:932][125]LogModuleManager: Shutting down and abandoning module ComponentVisualizers (404)
[2018.04.16-19.14.16:932][125]LogModuleManager: Shutting down and abandoning module DetailCustomizations (402)
[2018.04.16-19.14.16:932][125]LogModuleManager: Shutting down and abandoning module PackagesDialog (400)
[2018.04.16-19.14.16:933][125]LogModuleManager: Shutting down and abandoning module Persona (398)
[2018.04.16-19.14.16:933][125]LogModuleManager: Shutting down and abandoning module AdvancedPreviewScene (397)
[2018.04.16-19.14.16:933][125]LogModuleManager: Shutting down and abandoning module AnimGraph (395)
[2018.04.16-19.14.16:933][125]LogModuleManager: Shutting down and abandoning module Kismet (392)
[2018.04.16-19.14.16:935][125]LogModuleManager: Shutting down and abandoning module ClassViewer (390)
[2018.04.16-19.14.16:935][125]LogModuleManager: Shutting down and abandoning module Toolbox (388)
[2018.04.16-19.14.16:935][125]LogModuleManager: Shutting down and abandoning module ModuleUI (386)
[2018.04.16-19.14.16:935][125]LogModuleManager: Shutting down and abandoning module MovieSceneTools (384)
[2018.04.16-19.14.16:935][125]LogModuleManager: Shutting down and abandoning module OutputLog (382)
[2018.04.16-19.14.16:935][125]LogModuleManager: Shutting down and abandoning module GammaUI (380)
[2018.04.16-19.14.16:935][125]LogModuleManager: Shutting down and abandoning module Documentation (378)
[2018.04.16-19.14.16:936][125]LogModuleManager: Shutting down and abandoning module MovieSceneTracks (376)
[2018.04.16-19.14.16:936][125]LogModuleManager: Shutting down and abandoning module MovieScene (374)
[2018.04.16-19.14.16:936][125]LogModuleManager: Shutting down and abandoning module StreamingPauseRendering (372)
[2018.04.16-19.14.16:936][125]LogModuleManager: Shutting down and abandoning module LauncherPlatform (370)
[2018.04.16-19.14.16:936][125]LogModuleManager: Shutting down and abandoning module AnalyticsET (368)
[2018.04.16-19.14.16:936][125]LogModuleManager: Shutting down and abandoning module PortalServices (366)
[2018.04.16-19.14.16:936][125]LogModuleManager: Shutting down and abandoning module PortalRpc (364)
[2018.04.16-19.14.16:936][125]LogModuleManager: Shutting down and abandoning module MessagingRpc (362)
[2018.04.16-19.14.16:936][125]LogModuleManager: Shutting down and abandoning module AIModule (360)
[2018.04.16-19.14.16:936][125]LogModuleManager: Shutting down and abandoning module GameplayDebugger (359)
[2018.04.16-19.14.16:936][125]LogModuleManager: Shutting down and abandoning module AITestSuite (357)
[2018.04.16-19.14.16:936][125]LogModuleManager: Shutting down and abandoning module DesktopPlatform (354)
[2018.04.16-19.14.16:936][125]LogModuleManager: Shutting down and abandoning module ProfilerService (352)
[2018.04.16-19.14.16:954][125]LogModuleManager: Shutting down and abandoning module TaskGraph (350)
[2018.04.16-19.14.16:954][125]LogModuleManager: Shutting down and abandoning module SteamVRController (348)
[2018.04.16-19.14.16:954][125]LogModuleManager: Shutting down and abandoning module ProceduralMeshComponentEditor (346)
[2018.04.16-19.14.16:954][125]LogModuleManager: Shutting down and abandoning module ProceduralMeshComponent (344)
[2018.04.16-19.14.16:954][125]LogModuleManager: Shutting down and abandoning module OculusInput (342)
[2018.04.16-19.14.16:954][125]LogModuleManager: Shutting down and abandoning module MobilePatchingUtils (340)
[2018.04.16-19.14.16:954][125]LogModuleManager: Shutting down and abandoning module CustomMeshComponent (338)
[2018.04.16-19.14.16:954][125]LogModuleManager: Shutting down and abandoning module CableComponent (336)
[2018.04.16-19.14.16:954][125]LogModuleManager: Shutting down and abandoning module ArchVisCharacter (334)
[2018.04.16-19.14.16:954][125]LogModuleManager: Shutting down and abandoning module AndroidPermission (332)
[2018.04.16-19.14.16:954][125]LogModuleManager: Shutting down and abandoning module ActorSequence (328)
[2018.04.16-19.14.16:954][125]LogModuleManager: Shutting down and abandoning module MediaPlayerEditor (326)
[2018.04.16-19.14.16:955][125]LogModuleManager: Shutting down and abandoning module MediaCompositingEditor (324)
[2018.04.16-19.14.16:955][125]LogModuleManager: Shutting down and abandoning module MediaCompositing (322)
[2018.04.16-19.14.16:955][125]LogModuleManager: Shutting down and abandoning module HTML5Networking (320)
[2018.04.16-19.14.16:955][125]LogModuleManager: Shutting down and abandoning module AlembicImporter (318)
[2018.04.16-19.14.16:955][125]LogModuleManager: Shutting down and abandoning module AlembicLibrary (317)
[2018.04.16-19.14.16:955][125]LogModuleManager: Shutting down and abandoning module GeometryCache (316)
[2018.04.16-19.14.16:955][125]LogModuleManager: Shutting down and abandoning module GeometryCacheEd (315)
[2018.04.16-19.14.16:955][125]LogModuleManager: Shutting down and abandoning module SpeedTreeImporter (310)
[2018.04.16-19.14.16:955][125]LogModuleManager: Shutting down and abandoning module PluginBrowser (308)
[2018.04.16-19.14.16:955][125]LogModuleManager: Shutting down and abandoning module MobileLauncherProfileWizard (306)
[2018.04.16-19.14.16:955][125]LogModuleManager: Shutting down and abandoning module VisualStudioSourceCodeAccess (304)
[2018.04.16-19.14.16:956][125]LogModuleManager: Shutting down and abandoning module VisualStudioCodeSourceCodeAccess (302)
[2018.04.16-19.14.16:956][125]LogModuleManager: Shutting down and abandoning module UObjectPlugin (300)
[2018.04.16-19.14.16:956][125]LogModuleManager: Shutting down and abandoning module SubversionSourceControl (298)
[2018.04.16-19.14.16:956][125]LogModuleManager: Shutting down and abandoning module PerforceSourceControl (296)
[2018.04.16-19.14.16:956][125]LogModuleManager: Shutting down and abandoning module GitSourceControl (294)
[2018.04.16-19.14.16:956][125]LogModuleManager: Shutting down and abandoning module SourceControl (293)
[2018.04.16-19.14.16:956][125]LogModuleManager: Shutting down and abandoning module LightPropagationVolumeEditor (290)
[2018.04.16-19.14.16:956][125]LogModuleManager: Shutting down and abandoning module PaperTiledImporter (288)
[2018.04.16-19.14.16:956][125]LogModuleManager: Shutting down and abandoning module PaperSpriteSheetImporter (286)
[2018.04.16-19.14.16:956][125]LogModuleManager: Shutting down and abandoning module Paper2DEditor (284)
[2018.04.16-19.14.16:957][125]LogModuleManager: Shutting down and abandoning module MeshPaint (283)
[2018.04.16-19.14.16:957][125]LogModuleManager: Shutting down and abandoning module LevelEditor (281)
[2018.04.16-19.14.16:959][125]LogModuleManager: Shutting down and abandoning module PixelInspectorModule (280)
[2018.04.16-19.14.16:959][125]LogModuleManager: Shutting down and abandoning module MainFrame (278)
[2018.04.16-19.14.16:959][125]LogModuleManager: Shutting down and abandoning module HotReload (277)
[2018.04.16-19.14.16:960][125]LogModuleManager: Shutting down and abandoning module RuntimePhysXCooking (272)
[2018.04.16-19.14.16:960][125]LogModuleManager: Shutting down and abandoning module PhysXVehiclesEditor (270)
[2018.04.16-19.14.16:960][125]LogModuleManager: Shutting down and abandoning module PhysXVehicles (268)
[2018.04.16-19.14.16:960][125]LogModuleManager: Shutting down and abandoning module OculusEditor (266)
[2018.04.16-19.14.16:960][125]LogModuleManager: Shutting down and abandoning module LocationServicesBPLibrary (264)
[2018.04.16-19.14.16:960][125]LogModuleManager: Shutting down and abandoning module ImmediatePhysicsEditor (262)
[2018.04.16-19.14.16:960][125]LogModuleManager: Shutting down and abandoning module ImmediatePhysics (260)
[2018.04.16-19.14.16:960][125]LogModuleManager: Shutting down and abandoning module ApexDestructionEditor (258)
[2018.04.16-19.14.16:961][125]LogModuleManager: Shutting down and abandoning module ApexDestruction (256)
[2018.04.16-19.14.16:961][125]LogModuleManager: Shutting down and abandoning module UdpMessaging (254)
[2018.04.16-19.14.17:061][125]LogModuleManager: Shutting down and abandoning module TcpMessaging (252)
[2018.04.16-19.14.17:162][125]LogModuleManager: Shutting down and abandoning module GameplayTagsEditor (250)
[2018.04.16-19.14.17:162][125]LogModuleManager: Shutting down and abandoning module FacialAnimationEditor (248)
[2018.04.16-19.14.17:162][125]LogModuleManager: Shutting down and abandoning module FacialAnimation (246)
[2018.04.16-19.14.17:162][125]LogModuleManager: Shutting down and abandoning module AssetManagerEditor (244)
[2018.04.16-19.14.17:162][125]LogModuleManager: Shutting down and abandoning module GraphEditor (243)
[2018.04.16-19.14.17:163][125]LogModuleManager: Shutting down and abandoning module ContentBrowser (241)
[2018.04.16-19.14.17:165][125]LogModuleManager: Shutting down and abandoning module LightPropagationVolumeRuntime (238)
[2018.04.16-19.14.17:165][125]LogModuleManager: Shutting down and abandoning module Paper2D (236)
[2018.04.16-19.14.17:165][125]LogModuleManager: Shutting down and abandoning module WindowsMoviePlayer (234)
[2018.04.16-19.14.17:166][125]LogModuleManager: Shutting down and abandoning module WmfMedia (232)
[2018.04.16-19.14.17:171][125]LogModuleManager: Shutting down and abandoning module ImgMedia (230)
[2018.04.16-19.14.17:171][125]LogModuleManager: Shutting down and abandoning module PacketHandler (228)
[2018.04.16-19.14.17:171][125]LogModuleManager: Shutting down and abandoning module ClothingSystemEditor (226)
[2018.04.16-19.14.17:171][125]LogModuleManager: Shutting down and abandoning module ClothingSystemRuntime (224)
[2018.04.16-19.14.17:171][125]LogModuleManager: Shutting down and abandoning module MediaAssets (222)
[2018.04.16-19.14.17:171][125]LogModuleManager: Shutting down and abandoning module Media (221)
[2018.04.16-19.14.17:179][125]LogModuleManager: Shutting down and abandoning module Overlay (218)
[2018.04.16-19.14.17:179][125]LogModuleManager: Shutting down and abandoning module OverlayEditor (217)
[2018.04.16-19.14.17:179][125]LogModuleManager: Shutting down and abandoning module VREditor (214)
[2018.04.16-19.14.17:179][125]LogModuleManager: Shutting down and abandoning module StringTableEditor (212)
[2018.04.16-19.14.17:179][125]LogModuleManager: Shutting down and abandoning module GameplayTasksEditor (210)
[2018.04.16-19.14.17:179][125]LogModuleManager: Shutting down and abandoning module BehaviorTreeEditor (208)
[2018.04.16-19.14.17:179][125]LogModuleManager: Shutting down and abandoning module FunctionalTesting (206)
[2018.04.16-19.14.17:179][125]LogModuleManager: Shutting down and abandoning module CollisionAnalyzer (204)
[2018.04.16-19.14.17:179][125]LogModuleManager: Shutting down and abandoning module WorkspaceMenuStructure (203)
[2018.04.16-19.14.17:179][125]LogModuleManager: Shutting down and abandoning module UMG (200)
[2018.04.16-19.14.17:179][125]LogModuleManager: Shutting down and abandoning module UMGEditor (199)
[2018.04.16-19.14.17:179][125]LogModuleManager: Shutting down and abandoning module Sequencer (198)
[2018.04.16-19.14.17:180][125]LogModuleManager: Shutting down and abandoning module MessageLog (195)
[2018.04.16-19.14.17:180][125]LogModuleManager: Shutting down and abandoning module SlateReflector (190)
[2018.04.16-19.14.17:180][125]LogModuleManager: Shutting down and abandoning module Slate (188)
[2018.04.16-19.14.17:180][125]LogModuleManager: Shutting down and abandoning module EditorStyle (186)
[2018.04.16-19.14.17:186][125]LogModuleManager: Shutting down and abandoning module MRMesh (184)
[2018.04.16-19.14.17:186][125]LogModuleManager: Shutting down and abandoning module SourceCodeAccess (182)
[2018.04.16-19.14.17:186][125]LogModuleManager: Shutting down and abandoning module HeadMountedDisplay (180)
[2018.04.16-19.14.17:186][125]LogModuleManager: Shutting down and abandoning module XAudio2 (178)
[2018.04.16-19.14.17:186][125]LogModuleManager: Shutting down and abandoning module Networking (176)
[2018.04.16-19.14.17:186][125]LogModuleManager: Shutting down and abandoning module Core (172)
[2018.04.16-19.14.17:186][125]LogModuleManager: Shutting down and abandoning module LevelSequence (168)
[2018.04.16-19.14.17:186][125]LogModuleManager: Shutting down and abandoning module DirectoryWatcher (166)
[2018.04.16-19.14.17:188][125]LogModuleManager: Shutting down and abandoning module KismetCompiler (164)
[2018.04.16-19.14.17:189][125]LogModuleManager: Shutting down and abandoning module MeshUtilities (162)
[2018.04.16-19.14.17:189][125]LogModuleManager: Shutting down and abandoning module MeshMergeUtilities (161)
[2018.04.16-19.14.17:190][125]LogModuleManager: Shutting down and abandoning module MeshReductionInterface (160)
[2018.04.16-19.14.17:190][125]LogModuleManager: Shutting down and abandoning module SimplygonSwarm (159)
[2018.04.16-19.14.17:190][125]LogModuleManager: Shutting down and abandoning module SimplygonMeshReduction (157)
[2018.04.16-19.14.17:190][125]LogModuleManager: Shutting down and abandoning module QuadricMeshReduction (155)
[2018.04.16-19.14.17:190][125]LogModuleManager: Shutting down and abandoning module MaterialBaking (151)
[2018.04.16-19.14.17:190][125]LogModuleManager: Shutting down and abandoning module DerivedDataCache (148)
[2018.04.16-19.14.17:261][125]LogDerivedDataCache: Shutdown
[2018.04.16-19.14.17:261][125]LogModuleManager: Shutting down and abandoning module TargetPlatform (146)
[2018.04.16-19.14.17:261][125]LogModuleManager: Shutting down and abandoning module VulkanShaderFormat (145)
[2018.04.16-19.14.17:261][125]LogModuleManager: Shutting down and abandoning module ShaderFormatVectorVM (143)
[2018.04.16-19.14.17:261][125]LogModuleManager: Shutting down and abandoning module ShaderFormatOpenGL (141)
[2018.04.16-19.14.17:261][125]LogModuleManager: Shutting down and abandoning module ShaderFormatD3D (139)
[2018.04.16-19.14.17:261][125]LogModuleManager: Shutting down and abandoning module MetalShaderFormat (137)
[2018.04.16-19.14.17:261][125]LogModuleManager: Shutting down and abandoning module TextureFormatUncompressed (135)
[2018.04.16-19.14.17:261][125]LogModuleManager: Shutting down and abandoning module TextureFormatPVR (133)
[2018.04.16-19.14.17:261][125]LogModuleManager: Shutting down and abandoning module TextureFormatDXT (131)
[2018.04.16-19.14.17:261][125]LogModuleManager: Shutting down and abandoning module TextureFormatIntelISPCTexComp (129)
[2018.04.16-19.14.17:262][125]LogModuleManager: Shutting down and abandoning module TextureFormatASTC (127)
[2018.04.16-19.14.17:262][125]LogModuleManager: Shutting down and abandoning module ImageWrapper (126)
[2018.04.16-19.14.17:262][125]LogModuleManager: Shutting down and abandoning module TextureFormatAndroid (123)
[2018.04.16-19.14.17:262][125]LogModuleManager: Shutting down and abandoning module AudioFormatOpus (121)
[2018.04.16-19.14.17:262][125]LogModuleManager: Shutting down and abandoning module AudioFormatOgg (119)
[2018.04.16-19.14.17:262][125]LogModuleManager: Shutting down and abandoning module AudioFormatADPCM (117)
[2018.04.16-19.14.17:262][125]LogModuleManager: Shutting down and abandoning module LinuxTargetPlatform (115)
[2018.04.16-19.14.17:262][125]LogModuleManager: Shutting down and abandoning module LinuxServerTargetPlatform (113)
[2018.04.16-19.14.17:262][125]LogModuleManager: Shutting down and abandoning module LinuxNoEditorTargetPlatform (111)
[2018.04.16-19.14.17:262][125]LogModuleManager: Shutting down and abandoning module LinuxClientTargetPlatform (109)
[2018.04.16-19.14.17:263][125]LogModuleManager: Shutting down and abandoning module TVOSTargetPlatform (107)
[2018.04.16-19.14.17:263][125]LogModuleManager: Shutting down and abandoning module Messaging (105)
[2018.04.16-19.14.17:263][125]LogModuleManager: Shutting down and abandoning module IOSTargetPlatform (103)
[2018.04.16-19.14.17:263][125]LogModuleManager: Shutting down and abandoning module HTML5TargetPlatform (101)
[2018.04.16-19.14.17:263][125]LogModuleManager: Shutting down and abandoning module AndroidTargetPlatform (99)
[2018.04.16-19.14.17:263][125]LogModuleManager: Shutting down and abandoning module Android_PVRTCTargetPlatform (97)
[2018.04.16-19.14.17:263][125]LogModuleManager: Shutting down and abandoning module Android_MultiTargetPlatform (95)
[2018.04.16-19.14.17:263][125]LogModuleManager: Shutting down and abandoning module Android_ETC2TargetPlatform (93)
[2018.04.16-19.14.17:263][125]LogModuleManager: Shutting down and abandoning module Android_ETC1TargetPlatform (91)
[2018.04.16-19.14.17:263][125]LogModuleManager: Shutting down and abandoning module Android_DXTTargetPlatform (89)
[2018.04.16-19.14.17:263][125]LogModuleManager: Shutting down and abandoning module Android_ATCTargetPlatform (87)
[2018.04.16-19.14.17:263][125]LogModuleManager: Shutting down and abandoning module Android_ASTCTargetPlatform (85)
[2018.04.16-19.14.17:263][125]LogModuleManager: Shutting down and abandoning module WindowsTargetPlatform (83)
[2018.04.16-19.14.17:263][125]LogModuleManager: Shutting down and abandoning module WindowsServerTargetPlatform (81)
[2018.04.16-19.14.17:264][125]LogModuleManager: Shutting down and abandoning module WindowsNoEditorTargetPlatform (79)
[2018.04.16-19.14.17:264][125]LogModuleManager: Shutting down and abandoning module WindowsClientTargetPlatform (77)
[2018.04.16-19.14.17:264][125]LogModuleManager: Shutting down and abandoning module MacTargetPlatform (75)
[2018.04.16-19.14.17:264][125]LogModuleManager: Shutting down and abandoning module MacServerTargetPlatform (73)
[2018.04.16-19.14.17:264][125]LogModuleManager: Shutting down and abandoning module MacNoEditorTargetPlatform (71)
[2018.04.16-19.14.17:264][125]LogModuleManager: Shutting down and abandoning module MacClientTargetPlatform (69)
[2018.04.16-19.14.17:264][125]LogModuleManager: Shutting down and abandoning module AllDesktopTargetPlatform (67)
[2018.04.16-19.14.17:264][125]LogModuleManager: Shutting down and abandoning module InputCore (64)
[2018.04.16-19.14.17:264][125]LogModuleManager: Shutting down and abandoning module Settings (62)
[2018.04.16-19.14.17:265][125]LogModuleManager: Shutting down and abandoning module PhysXCooking (60)
[2018.04.16-19.14.17:265][125]LogModuleManager: Shutting down and abandoning module SteamVR (58)
[2018.04.16-19.14.17:265][125]LogModuleManager: Shutting down and abandoning module OculusHMD (56)
[2018.04.16-19.14.17:265][125]LogModuleManager: Shutting down and abandoning module ExampleDeviceProfileSelector (54)
[2018.04.16-19.14.17:265][125]LogModuleManager: Shutting down and abandoning module AppleARKit (52)
[2018.04.16-19.14.17:265][125]LogModuleManager: Shutting down and abandoning module AugmentedReality (51)
[2018.04.16-19.14.17:265][125]LogModuleManager: Shutting down and abandoning module OnlineBlueprintSupport (48)
[2018.04.16-19.14.17:265][125]LogModuleManager: Shutting down and abandoning module OnlineSubsystem (44)
[2018.04.16-19.14.17:265][125]LogModuleManager: Shutting down and abandoning module XMPP (43)
[2018.04.16-19.14.17:265][125]LogModuleManager: Shutting down and abandoning module HTTP (41)
[2018.04.16-19.14.17:265][125]LogHttp: Display: Http module shutting down, but needs to wait on 1 outstanding Http requests:
[2018.04.16-19.14.17:266][125]LogHttp: Display: 	verb=[POST] url=[https://datarouter.ol.epicgames.com/datarouter/api/v1/public/data?SessionID=%7B7419AE3F-4206-2D40-295C-5B9615A8EBE2%7D&AppID=UEEditor.Rocket.Release&AppVersion=4.18.3-3832480%2B%2B%2BUE4%2BRelease-4.18&UserID=1e0ebd884e056b1cc20823b8b1175f14%7C57669c29f68240b9b2e1399e4dc0b962%7Cb42a18bc-17cc-46c2-98bf-75b6afa36d2c&AppEnvironment=datacollector-binary&UploadType=eteventstream] status=Processing
[2018.04.16-19.14.17:300][125]LogModuleManager: Shutting down and abandoning module SSL (40)
[2018.04.16-19.14.17:305][125]LogModuleManager: Shutting down and abandoning module AnimationModifiers (36)
[2018.04.16-19.14.17:305][125]LogModuleManager: Shutting down and abandoning module PropertyEditor (35)
[2018.04.16-19.14.17:305][125]LogModuleManager: Shutting down and abandoning module AudioEditor (32)
[2018.04.16-19.14.17:305][125]LogModuleManager: Shutting down and abandoning module TextureCompressor (30)
[2018.04.16-19.14.17:306][125]LogModuleManager: Shutting down and abandoning module ShaderCore (28)
[2018.04.16-19.14.17:306][125]LogModuleManager: Shutting down and abandoning module Landscape (26)
[2018.04.16-19.14.17:306][125]LogModuleManager: Shutting down and abandoning module SlateRHIRenderer (24)
[2018.04.16-19.14.17:308][125]LogModuleManager: Shutting down and abandoning module OpenGLDrv (22)
[2018.04.16-19.14.17:308][125]LogModuleManager: Shutting down and abandoning module D3D11RHI (20)
[2018.04.16-19.14.17:308][125]LogModuleManager: Shutting down and abandoning module AnimGraphRuntime (18)
[2018.04.16-19.14.17:308][125]LogModuleManager: Shutting down and abandoning module Renderer (16)
[2018.04.16-19.14.17:308][125]LogModuleManager: Shutting down and abandoning module Engine (14)
[2018.04.16-19.14.17:309][125]LogModuleManager: Shutting down and abandoning module CoreUObject (12)
[2018.04.16-19.14.17:309][125]LogModuleManager: Shutting down and abandoning module NetworkFile (10)
[2018.04.16-19.14.17:309][125]LogModuleManager: Shutting down and abandoning module CookedIterativeFile (8)
[2018.04.16-19.14.17:309][125]LogModuleManager: Shutting down and abandoning module StreamingFile (6)
[2018.04.16-19.14.17:309][125]LogModuleManager: Shutting down and abandoning module SandboxFile (4)
[2018.04.16-19.14.17:309][125]LogModuleManager: Shutting down and abandoning module PakFile (2)
[2018.04.16-19.14.17:319][125]LogExit: Exiting.
[2018.04.16-19.14.17:369][125]Log file closed, 04/16/18 14:14:17
